[debug] [2025-07-09T21:27:48.747Z] ----------------------------------------------------------------------
[debug] [2025-07-09T21:27:48.750Z] Command:       /usr/bin/node /usr/bin/firebase init
[debug] [2025-07-09T21:27:48.751Z] CLI Version:   14.3.1
[debug] [2025-07-09T21:27:48.751Z] Platform:      linux
[debug] [2025-07-09T21:27:48.751Z] Node Version:  v23.6.1
[debug] [2025-07-09T21:27:48.752Z] Time:          Wed Jul 09 2025 22:27:48 GMT+0100 (West Africa Standard Time)
[debug] [2025-07-09T21:27:48.752Z] ----------------------------------------------------------------------
[debug] 
[debug] [2025-07-09T21:27:48.756Z] >>> [apiv2][query] GET https://firebase-public.firebaseio.com/cli.json [none]
[debug] [2025-07-09T21:27:48.829Z] > command requires scopes: ["email","openid","https://www.googleapis.com/auth/cloudplatformprojects.readonly","https://www.googleapis.com/auth/firebase","https://www.googleapis.com/auth/cloud-platform"]
[debug] [2025-07-09T21:27:48.829Z] > authorizing via signed-in user (circleofthreetechnologies@gmail.com)
[info] 
     ######## #### ########  ######## ########     ###     ######  ########
     ##        ##  ##     ## ##       ##     ##  ##   ##  ##       ##
     ######    ##  ########  ######   ########  #########  ######  ######
     ##        ##  ##    ##  ##       ##     ## ##     ##       ## ##
     ##       #### ##     ## ######## ########  ##     ##  ######  ########

You're about to initialize a Firebase project in this directory:

  /home/victor/Desktop/WORKSPACE/Afrilearn/afrilearn

[debug] [2025-07-09T21:27:51.997Z] <<< [apiv2][status] GET https://firebase-public.firebaseio.com/cli.json 200
[debug] [2025-07-09T21:27:51.999Z] <<< [apiv2][body] GET https://firebase-public.firebaseio.com/cli.json {"cloudBuildErrorAfter":1594252800000,"cloudBuildWarnAfter":1590019200000,"defaultNode10After":1594252800000,"minVersion":"3.0.5","node8DeploysDisabledAfter":1613390400000,"node8RuntimeDisabledAfter":1615809600000,"node8WarnAfter":1600128000000}
[debug] [2025-07-09T21:28:39.058Z] ExitPromptError: User force closed the prompt with SIGINT
    at Interface.sigint (/usr/lib/node_modules/firebase-tools/node_modules/@inquirer/core/dist/commonjs/lib/create-prompt.js:100:37)
    at Interface.emit (node:events:507:28)
    at Interface.emit (node:domain:489:12)
    at [_ttyWrite] [as _ttyWrite] (node:internal/readline/interface:1125:18)
    at ReadStream.onkeypress (node:internal/readline/interface:264:20)
    at ReadStream.emit (node:events:519:35)
    at ReadStream.emit (node:domain:489:12)
    at emitKeys (node:internal/readline/utils:370:14)
    at emitKeys.next (<anonymous>)
    at ReadStream.onData (node:internal/readline/emitKeypressEvents:64:36)
[error] 
[error] Error: An unexpected error has occurred.
